%%%% Starting test SRFI 147
Group begin: SRFI 147
Group begin: R7RS macros
Test begin:
Test end:
  result-kind: pass
  actual-value: 42
  expected-value: 42
Test begin:
Test end:
  result-kind: pass
  actual-value: 42
  expected-value: 42
Group end: R7RS macros
Group begin: Custom macro transformers
Test begin:
Test end:
  result-kind: pass
  actual-value: 42
  expected-value: 42
Test begin:
Test end:
  result-kind: pass
  actual-value: 42
  expected-value: 42
Test begin:
Test end:
  result-kind: pass
  actual-value: (bar 42)
  expected-value: (bar 42)
Group end: Custom macro transformers
Group begin: Example from specification
Test begin:
Test end:
  result-kind: pass
  actual-value: (1 2)
  expected-value: (1 2)
Group end: Example from specification
Group end: SRFI 147
# of expected passes      6
